[debug] [2022-07-24T22:08:22.928Z] ----------------------------------------------------------------------
[debug] [2022-07-24T22:08:22.929Z] Command:       /Users/nadernasr/.nvm/versions/node/v16.14.0/bin/node /opt/homebrew/bin/firebase emulators:start --export-on-exit --import=./firebase-emulators
[debug] [2022-07-24T22:08:22.930Z] CLI Version:   11.3.0
[debug] [2022-07-24T22:08:22.930Z] Platform:      darwin
[debug] [2022-07-24T22:08:22.930Z] Node Version:  v16.14.0
[debug] [2022-07-24T22:08:22.933Z] Time:          Sun Jul 24 2022 18:08:22 GMT-0400 (Eastern Daylight Time)
[debug] [2022-07-24T22:08:22.933Z] ----------------------------------------------------------------------
[debug] 
[debug] [2022-07-24T22:08:22.977Z] > command requires scopes: ["email","openid","https://www.googleapis.com/auth/cloudplatformprojects.readonly","https://www.googleapis.com/auth/firebase","https://www.googleapis.com/auth/cloud-platform"]
[debug] [2022-07-24T22:08:22.977Z] > authorizing via signed-in user (nadernasr7@gmail.com)
[debug] [2022-07-24T22:08:23.161Z] openjdk version "11.0.14.1" 2022-02-08

[debug] [2022-07-24T22:08:23.162Z] OpenJDK Runtime Environment Temurin-11.0.14.1+1 (build 11.0.14.1+1)
OpenJDK 64-Bit Server VM Temurin-11.0.14.1+1 (build 11.0.14.1+1, mixed mode)

[debug] [2022-07-24T22:08:23.168Z] Parsed Java major version: 11
[info] i  emulators: Starting emulators: auth, functions, firestore {"metadata":{"emulator":{"name":"hub"},"message":"Starting emulators: auth, functions, firestore"}}
[debug] [2022-07-24T22:08:23.178Z] [hub] writing locator at /var/folders/0d/mmk_ly3d0375q220w8jf5b_r0000gn/T/hub-tinyurl-af60e.json
[warn] ⚠  functions: The following emulators are not running, calls to these services from the Functions emulator will affect production: database, hosting, pubsub, storage {"metadata":{"emulator":{"name":"functions"},"message":"The following emulators are not running, calls to these services from the Functions emulator will affect production: \u001b[1mdatabase, hosting, pubsub, storage\u001b[22m"}}
[info] ✔  functions: Using node@16 from host. {"metadata":{"emulator":{"name":"functions"},"message":"Using node@16 from host."}}
[debug] [2022-07-24T22:08:23.190Z] defaultcredentials: writing to file /Users/nadernasr/.config/firebase/nadernasr7_gmail_com_application_default_credentials.json
[debug] [2022-07-24T22:08:23.191Z] Setting GAC to /Users/nadernasr/.config/firebase/nadernasr7_gmail_com_application_default_credentials.json {"metadata":{"emulator":{"name":"functions"},"message":"Setting GAC to /Users/nadernasr/.config/firebase/nadernasr7_gmail_com_application_default_credentials.json"}}
[debug] [2022-07-24T22:08:23.193Z] >>> [apiv2][query] GET https://firebase.googleapis.com/v1beta1/projects/tinyurl-af60e/adminSdkConfig [none]
[debug] [2022-07-24T22:08:23.594Z] <<< [apiv2][status] GET https://firebase.googleapis.com/v1beta1/projects/tinyurl-af60e/adminSdkConfig 200
[debug] [2022-07-24T22:08:23.595Z] <<< [apiv2][body] GET https://firebase.googleapis.com/v1beta1/projects/tinyurl-af60e/adminSdkConfig {"projectId":"tinyurl-af60e","storageBucket":"tinyurl-af60e.appspot.com","locationId":"us-central"}
[info] i  firestore: Importing data from /Users/nadernasr/Desktop/tinyLy/tiny/firebase-emulators/firestore_export/firestore_export.overall_export_metadata {"metadata":{"emulator":{"name":"firestore"},"message":"Importing data from /Users/nadernasr/Desktop/tinyLy/tiny/firebase-emulators/firestore_export/firestore_export.overall_export_metadata"}}
[warn] ⚠  firestore: Did not find a Cloud Firestore rules file specified in a firebase.json config file. {"metadata":{"emulator":{"name":"firestore"},"message":"Did not find a Cloud Firestore rules file specified in a firebase.json config file."}}
[warn] ⚠  firestore: The emulator will default to allowing all reads and writes. Learn more about this option: https://firebase.google.com/docs/emulator-suite/install_and_configure#security_rules_configuration. {"metadata":{"emulator":{"name":"firestore"},"message":"The emulator will default to allowing all reads and writes. Learn more about this option: https://firebase.google.com/docs/emulator-suite/install_and_configure#security_rules_configuration."}}
[debug] [2022-07-24T22:08:23.884Z] Ignoring unsupported arg: projectId {"metadata":{"emulator":{"name":"firestore"},"message":"Ignoring unsupported arg: projectId"}}
[debug] [2022-07-24T22:08:23.884Z] Ignoring unsupported arg: auto_download {"metadata":{"emulator":{"name":"firestore"},"message":"Ignoring unsupported arg: auto_download"}}
[debug] [2022-07-24T22:08:23.884Z] Starting Firestore Emulator with command {"binary":"java","args":["-Dgoogle.cloud_firestore.debug_log_level=FINE","-Duser.language=en","-jar","/Users/nadernasr/.cache/firebase/emulators/cloud-firestore-emulator-v1.14.4.jar","--host","localhost","--port",8080,"--seed_from_export","/Users/nadernasr/Desktop/tinyLy/tiny/firebase-emulators/firestore_export/firestore_export.overall_export_metadata","--functions_emulator","localhost:5001"],"optionalArgs":["port","webchannel_port","host","rules","functions_emulator","seed_from_export"],"joinArgs":false} {"metadata":{"emulator":{"name":"firestore"},"message":"Starting Firestore Emulator with command {\"binary\":\"java\",\"args\":[\"-Dgoogle.cloud_firestore.debug_log_level=FINE\",\"-Duser.language=en\",\"-jar\",\"/Users/nadernasr/.cache/firebase/emulators/cloud-firestore-emulator-v1.14.4.jar\",\"--host\",\"localhost\",\"--port\",8080,\"--seed_from_export\",\"/Users/nadernasr/Desktop/tinyLy/tiny/firebase-emulators/firestore_export/firestore_export.overall_export_metadata\",\"--functions_emulator\",\"localhost:5001\"],\"optionalArgs\":[\"port\",\"webchannel_port\",\"host\",\"rules\",\"functions_emulator\",\"seed_from_export\"],\"joinArgs\":false}"}}
[info] i  firestore: Firestore Emulator logging to firestore-debug.log {"metadata":{"emulator":{"name":"firestore"},"message":"Firestore Emulator logging to \u001b[1mfirestore-debug.log\u001b[22m"}}
[debug] [2022-07-24T22:08:25.959Z] Jul. 24, 2022 6:08:25 P.M. com.google.cloud.datastore.emulator.firestore.websocket.WebSocketServer start
INFO: Started WebSocket server on ws://localhost:54970
 {"metadata":{"emulator":{"name":"firestore"},"message":"Jul. 24, 2022 6:08:25 P.M. com.google.cloud.datastore.emulator.firestore.websocket.WebSocketServer start\nINFO: Started WebSocket server on ws://localhost:54970\n"}}
[debug] [2022-07-24T22:08:25.986Z] API endpoint: http:// {"metadata":{"emulator":{"name":"firestore"},"message":"API endpoint: http://"}}
[debug] [2022-07-24T22:08:25.986Z] localhost:8080
If you are using a library that supports the FIRESTORE_EMULATOR_HOST environment variable, run:

   export FIRESTORE_EMULATOR_HOST=localhost:8080

Dev App Server is now running.

 {"metadata":{"emulator":{"name":"firestore"},"message":"localhost:8080\nIf you are using a library that supports the FIRESTORE_EMULATOR_HOST environment variable, run:\n\n   export FIRESTORE_EMULATOR_HOST=localhost:8080\n\nDev App Server is now running.\n\n"}}
[info] i  auth: Importing config from /Users/nadernasr/Desktop/tinyLy/tiny/firebase-emulators/auth_export/config.json {"metadata":{"emulator":{"name":"database"},"message":"Importing config from /Users/nadernasr/Desktop/tinyLy/tiny/firebase-emulators/auth_export/config.json"}}
[info] i  auth: Importing accounts from /Users/nadernasr/Desktop/tinyLy/tiny/firebase-emulators/auth_export/accounts.json {"metadata":{"emulator":{"name":"database"},"message":"Importing accounts from /Users/nadernasr/Desktop/tinyLy/tiny/firebase-emulators/auth_export/accounts.json"}}
[debug] [2022-07-24T22:08:30.565Z] Ignoring unsupported arg: auto_download {"metadata":{"emulator":{"name":"ui"},"message":"Ignoring unsupported arg: auto_download"}}
[debug] [2022-07-24T22:08:30.565Z] Ignoring unsupported arg: port {"metadata":{"emulator":{"name":"ui"},"message":"Ignoring unsupported arg: port"}}
[debug] [2022-07-24T22:08:30.565Z] Starting Emulator UI with command {"binary":"node","args":["/Users/nadernasr/.cache/firebase/emulators/ui-v1.8.1/server/server.js"],"optionalArgs":[],"joinArgs":false} {"metadata":{"emulator":{"name":"ui"},"message":"Starting Emulator UI with command {\"binary\":\"node\",\"args\":[\"/Users/nadernasr/.cache/firebase/emulators/ui-v1.8.1/server/server.js\"],\"optionalArgs\":[],\"joinArgs\":false}"}}
[info] i  ui: Emulator UI logging to ui-debug.log {"metadata":{"emulator":{"name":"ui"},"message":"Emulator UI logging to \u001b[1mui-debug.log\u001b[22m"}}
[debug] [2022-07-24T22:08:30.581Z] Jul. 24, 2022 6:08:30 P.M. io.gapi.emulators.netty.HttpVersionRoutingHandler channelRead
INFO: Detected non-HTTP/2 connection.
 {"metadata":{"emulator":{"name":"firestore"},"message":"Jul. 24, 2022 6:08:30 P.M. io.gapi.emulators.netty.HttpVersionRoutingHandler channelRead\nINFO: Detected non-HTTP/2 connection.\n"}}
[debug] [2022-07-24T22:08:30.683Z] Web / API server started at localhost:4000
 {"metadata":{"emulator":{"name":"ui"},"message":"Web / API server started at localhost:4000\n"}}
[info] i  functions: Watching "/Users/nadernasr/Desktop/tinyLy/tiny/functions" for Cloud Functions... {"metadata":{"emulator":{"name":"functions"},"message":"Watching \"/Users/nadernasr/Desktop/tinyLy/tiny/functions\" for Cloud Functions..."}}
[debug] [2022-07-24T22:08:30.836Z] Validating nodejs source
[debug] [2022-07-24T22:08:31.866Z] > [functions] package.json contents: {
  "name": "functions",
  "description": "Cloud Functions for Firebase",
  "scripts": {
    "serve": "firebase emulators:start --only functions",
    "shell": "firebase functions:shell",
    "start": "npm run shell",
    "deploy": "firebase deploy --only functions",
    "logs": "firebase functions:log"
  },
  "engines": {
    "node": "16"
  },
  "main": "index.js",
  "dependencies": {
    "firebase-admin": "^10.0.2",
    "firebase-functions": "^3.18.0"
  },
  "devDependencies": {
    "firebase-functions-test": "^0.2.0"
  },
  "private": true
}
[debug] [2022-07-24T22:08:31.867Z] Building nodejs source
[debug] [2022-07-24T22:08:31.867Z] Analyzing nodejs backend spec
[debug] [2022-07-24T22:08:31.873Z] Could not find functions.yaml. Must use http discovery
[debug] [2022-07-24T22:08:32.023Z] Serving at port 9009

[debug] [2022-07-24T22:08:32.075Z] Got response from /__/functions.yaml {"endpoints":{},"specVersion":"v1alpha1","requiredAPIs":[]}
[debug] [2022-07-24T22:08:32.079Z] shutdown requested via /__/quitquitquit

[info] 
┌─────────────────────────────────────────────────────────────┐
│ ✔  All emulators ready! It is now safe to connect your app. │
│ i  View Emulator UI at http://localhost:4000                │
└─────────────────────────────────────────────────────────────┘

┌────────────────┬────────────────┬─────────────────────────────────┐
│ Emulator       │ Host:Port      │ View in Emulator UI             │
├────────────────┼────────────────┼─────────────────────────────────┤
│ Authentication │ localhost:9099 │ http://localhost:4000/auth      │
├────────────────┼────────────────┼─────────────────────────────────┤
│ Functions      │ localhost:5001 │ http://localhost:4000/functions │
├────────────────┼────────────────┼─────────────────────────────────┤
│ Firestore      │ localhost:8080 │ http://localhost:4000/firestore │
└────────────────┴────────────────┴─────────────────────────────────┘
  Emulator Hub running at localhost:4400
  Other reserved ports: 4500

Issues? Report them at https://github.com/firebase/firebase-tools/issues and attach the *-debug.log files.
 
[debug] [2022-07-24T22:08:32.159Z] Jul. 24, 2022 6:08:32 P.M. io.gapi.emulators.netty.HttpVersionRoutingHandler channelRead
INFO: Detected non-HTTP/2 connection.
 {"metadata":{"emulator":{"name":"firestore"},"message":"Jul. 24, 2022 6:08:32 P.M. io.gapi.emulators.netty.HttpVersionRoutingHandler channelRead\nINFO: Detected non-HTTP/2 connection.\n"}}
[debug] [2022-07-24T22:08:43.381Z] Jul. 24, 2022 6:08:43 P.M. io.gapi.emulators.netty.HttpVersionRoutingHandler channelRead
INFO: Detected non-HTTP/2 connection.
 {"metadata":{"emulator":{"name":"firestore"},"message":"Jul. 24, 2022 6:08:43 P.M. io.gapi.emulators.netty.HttpVersionRoutingHandler channelRead\nINFO: Detected non-HTTP/2 connection.\n"}}
[debug] [2022-07-24T22:08:43.382Z] Jul. 24, 2022 6:08:43 P.M. io.gapi.emulators.netty.HttpVersionRoutingHandler channelRead
INFO: Detected non-HTTP/2 connection.
Jul. 24, 2022 6:08:43 P.M. io.gapi.emulators.netty.HttpVersionRoutingHandler channelRead
INFO: Detected non-HTTP/2 connection.
 {"metadata":{"emulator":{"name":"firestore"},"message":"Jul. 24, 2022 6:08:43 P.M. io.gapi.emulators.netty.HttpVersionRoutingHandler channelRead\nINFO: Detected non-HTTP/2 connection.\nJul. 24, 2022 6:08:43 P.M. io.gapi.emulators.netty.HttpVersionRoutingHandler channelRead\nINFO: Detected non-HTTP/2 connection.\n"}}
[debug] [2022-07-24T22:08:43.414Z] Jul. 24, 2022 6:08:43 P.M. io.gapi.emulators.netty.HttpVersionRoutingHandler channelRead
INFO: Detected non-HTTP/2 connection.
 {"metadata":{"emulator":{"name":"firestore"},"message":"Jul. 24, 2022 6:08:43 P.M. io.gapi.emulators.netty.HttpVersionRoutingHandler channelRead\nINFO: Detected non-HTTP/2 connection.\n"}}
[debug] [2022-07-24T22:08:43.497Z] Jul. 24, 2022 6:08:43 P.M. com.google.cloud.datastore.emulator.firestore.websocket.WebSocketChannelHandler initChannel
INFO: Connected to new websocket client
 {"metadata":{"emulator":{"name":"firestore"},"message":"Jul. 24, 2022 6:08:43 P.M. com.google.cloud.datastore.emulator.firestore.websocket.WebSocketChannelHandler initChannel\nINFO: Connected to new websocket client\n"}}
[debug] [2022-07-24T22:08:43.530Z] Jul. 24, 2022 6:08:43 P.M. io.gapi.emulators.netty.HttpVersionRoutingHandler channelRead
INFO: Detected non-HTTP/2 connection.
 {"metadata":{"emulator":{"name":"firestore"},"message":"Jul. 24, 2022 6:08:43 P.M. io.gapi.emulators.netty.HttpVersionRoutingHandler channelRead\nINFO: Detected non-HTTP/2 connection.\n"}}
[debug] [2022-07-24T22:08:43.551Z] Jul. 24, 2022 6:08:43 P.M. io.gapi.emulators.netty.HttpVersionRoutingHandler channelRead
INFO: Detected non-HTTP/2 connection.
 {"metadata":{"emulator":{"name":"firestore"},"message":"Jul. 24, 2022 6:08:43 P.M. io.gapi.emulators.netty.HttpVersionRoutingHandler channelRead\nINFO: Detected non-HTTP/2 connection.\n"}}
[debug] [2022-07-24T22:08:43.667Z] Jul. 24, 2022 6:08:43 P.M. com.google.cloud.datastore.emulator.firestore.webchannel.FirestoreV1WebChannelAdapter$FirestoreListenHandler onClose
INFO: channel closed
 {"metadata":{"emulator":{"name":"firestore"},"message":"Jul. 24, 2022 6:08:43 P.M. com.google.cloud.datastore.emulator.firestore.webchannel.FirestoreV1WebChannelAdapter$FirestoreListenHandler onClose\nINFO: channel closed\n"}}
[debug] [2022-07-24T22:08:43.738Z] Jul. 24, 2022 6:08:43 P.M. io.gapi.emulators.netty.HttpVersionRoutingHandler channelRead
INFO: Detected non-HTTP/2 connection.
 {"metadata":{"emulator":{"name":"firestore"},"message":"Jul. 24, 2022 6:08:43 P.M. io.gapi.emulators.netty.HttpVersionRoutingHandler channelRead\nINFO: Detected non-HTTP/2 connection.\n"}}
[debug] [2022-07-24T22:08:43.779Z] Jul. 24, 2022 6:08:43 P.M. io.gapi.emulators.netty.HttpVersionRoutingHandler channelRead
INFO: Detected non-HTTP/2 connection.
 {"metadata":{"emulator":{"name":"firestore"},"message":"Jul. 24, 2022 6:08:43 P.M. io.gapi.emulators.netty.HttpVersionRoutingHandler channelRead\nINFO: Detected non-HTTP/2 connection.\n"}}
[debug] [2022-07-24T22:08:43.802Z] Jul. 24, 2022 6:08:43 P.M. io.gapi.emulators.netty.HttpVersionRoutingHandler channelRead
INFO: Detected HTTP/2 connection.
 {"metadata":{"emulator":{"name":"firestore"},"message":"Jul. 24, 2022 6:08:43 P.M. io.gapi.emulators.netty.HttpVersionRoutingHandler channelRead\nINFO: Detected HTTP/2 connection.\n"}}
[debug] [2022-07-24T22:08:44.919Z] Jul. 24, 2022 6:08:44 P.M. io.gapi.emulators.netty.HttpVersionRoutingHandler channelRead
INFO: Detected non-HTTP/2 connection.
 {"metadata":{"emulator":{"name":"firestore"},"message":"Jul. 24, 2022 6:08:44 P.M. io.gapi.emulators.netty.HttpVersionRoutingHandler channelRead\nINFO: Detected non-HTTP/2 connection.\n"}}
[debug] [2022-07-24T22:08:44.953Z] Jul. 24, 2022 6:08:44 P.M. com.google.cloud.datastore.emulator.firestore.webchannel.FirestoreV1WebChannelAdapter$FirestoreListenHandler onClose
INFO: channel closed
 {"metadata":{"emulator":{"name":"firestore"},"message":"Jul. 24, 2022 6:08:44 P.M. com.google.cloud.datastore.emulator.firestore.webchannel.FirestoreV1WebChannelAdapter$FirestoreListenHandler onClose\nINFO: channel closed\n"}}
[debug] [2022-07-24T22:08:46.496Z] Jul. 24, 2022 6:08:46 P.M. com.google.cloud.datastore.emulator.firestore.websocket.WebSocketChannelHandler channelClosed
INFO: Websocket client disconnected
 {"metadata":{"emulator":{"name":"firestore"},"message":"Jul. 24, 2022 6:08:46 P.M. com.google.cloud.datastore.emulator.firestore.websocket.WebSocketChannelHandler channelClosed\nINFO: Websocket client disconnected\n"}}
[debug] [2022-07-24T22:08:46.768Z] Jul. 24, 2022 6:08:46 P.M. io.gapi.emulators.netty.HttpVersionRoutingHandler channelRead
INFO: Detected non-HTTP/2 connection.
 {"metadata":{"emulator":{"name":"firestore"},"message":"Jul. 24, 2022 6:08:46 P.M. io.gapi.emulators.netty.HttpVersionRoutingHandler channelRead\nINFO: Detected non-HTTP/2 connection.\n"}}
[debug] [2022-07-24T22:08:46.829Z] Jul. 24, 2022 6:08:46 P.M. com.google.cloud.datastore.emulator.firestore.websocket.WebSocketChannelHandler initChannel
INFO: Connected to new websocket client
 {"metadata":{"emulator":{"name":"firestore"},"message":"Jul. 24, 2022 6:08:46 P.M. com.google.cloud.datastore.emulator.firestore.websocket.WebSocketChannelHandler initChannel\nINFO: Connected to new websocket client\n"}}
[debug] [2022-07-24T22:08:47.995Z] Jul. 24, 2022 6:08:47 P.M. com.google.cloud.datastore.emulator.firestore.websocket.WebSocketChannelHandler channelClosed
INFO: Websocket client disconnected
 {"metadata":{"emulator":{"name":"firestore"},"message":"Jul. 24, 2022 6:08:47 P.M. com.google.cloud.datastore.emulator.firestore.websocket.WebSocketChannelHandler channelClosed\nINFO: Websocket client disconnected\n"}}
[debug] [2022-07-24T22:08:48.156Z] Jul. 24, 2022 6:08:48 P.M. io.gapi.emulators.netty.HttpVersionRoutingHandler channelRead
INFO: Detected non-HTTP/2 connection.
 {"metadata":{"emulator":{"name":"firestore"},"message":"Jul. 24, 2022 6:08:48 P.M. io.gapi.emulators.netty.HttpVersionRoutingHandler channelRead\nINFO: Detected non-HTTP/2 connection.\n"}}
[debug] [2022-07-24T22:08:48.186Z] Jul. 24, 2022 6:08:48 P.M. com.google.cloud.datastore.emulator.firestore.websocket.WebSocketChannelHandler initChannel
INFO: Connected to new websocket client
 {"metadata":{"emulator":{"name":"firestore"},"message":"Jul. 24, 2022 6:08:48 P.M. com.google.cloud.datastore.emulator.firestore.websocket.WebSocketChannelHandler initChannel\nINFO: Connected to new websocket client\n"}}
[debug] [2022-07-25T00:53:53.913Z] >>> [apiv2][query] POST http://localhost:5001/functions/projects/tinyurl-af60e/trigger_multicast [none]
[debug] [2022-07-25T00:53:53.916Z] >>> [apiv2][body] POST http://localhost:5001/functions/projects/tinyurl-af60e/trigger_multicast {"eventId":"826f003d-6f3a-49e9-904a-fdc38084441f","eventType":"providers/firebase.auth/eventTypes/user.create","resource":{"name":"projects/tinyurl-af60e","service":"firebaseauth.googleapis.com"},"params":{},"timestamp":"2022-07-25T00:53:53.907Z","data":{"uid":"p17OqfzEcQm3qvdkSZqBhfYkIOmG","email":"naderwebdev@gmail.com","emailVerified":false,"metadata":{"creationTime":"2022-07-25T00:53:53.893Z","lastSignInTime":"2022-07-25T00:53:53.893Z"},"customClaims":{},"providerData":[{"providerId":"password","email":"naderwebdev@gmail.com","federatedId":"naderwebdev@gmail.com","rawId":"naderwebdev@gmail.com"}]}}
[debug] [2022-07-25T00:53:53.951Z] <<< [apiv2][status] POST http://localhost:5001/functions/projects/tinyurl-af60e/trigger_multicast 200
[debug] [2022-07-25T00:53:53.951Z] <<< [apiv2][body] POST http://localhost:5001/functions/projects/tinyurl-af60e/trigger_multicast {"status":"multicast_acknowledged"}
[debug] [2022-07-25T00:53:55.969Z] Jul. 24, 2022 8:53:55 P.M. io.gapi.emulators.netty.HttpVersionRoutingHandler channelRead
INFO: Detected non-HTTP/2 connection.
 {"metadata":{"emulator":{"name":"firestore"},"message":"Jul. 24, 2022 8:53:55 P.M. io.gapi.emulators.netty.HttpVersionRoutingHandler channelRead\nINFO: Detected non-HTTP/2 connection.\n"}}
[debug] [2022-07-25T00:53:56.385Z] Jul. 24, 2022 8:53:56 P.M. io.gapi.emulators.netty.HttpVersionRoutingHandler channelRead
INFO: Detected non-HTTP/2 connection.
 {"metadata":{"emulator":{"name":"firestore"},"message":"Jul. 24, 2022 8:53:56 P.M. io.gapi.emulators.netty.HttpVersionRoutingHandler channelRead\nINFO: Detected non-HTTP/2 connection.\n"}}
[debug] [2022-07-25T00:53:56.406Z] Jul. 24, 2022 8:53:56 P.M. io.gapi.emulators.netty.HttpVersionRoutingHandler channelRead
INFO: Detected non-HTTP/2 connection.
 {"metadata":{"emulator":{"name":"firestore"},"message":"Jul. 24, 2022 8:53:56 P.M. io.gapi.emulators.netty.HttpVersionRoutingHandler channelRead\nINFO: Detected non-HTTP/2 connection.\n"}}
[debug] [2022-07-25T00:53:58.840Z] Jul. 24, 2022 8:53:58 P.M. io.gapi.emulators.netty.HttpVersionRoutingHandler channelRead
INFO: Detected non-HTTP/2 connection.
 {"metadata":{"emulator":{"name":"firestore"},"message":"Jul. 24, 2022 8:53:58 P.M. io.gapi.emulators.netty.HttpVersionRoutingHandler channelRead\nINFO: Detected non-HTTP/2 connection.\n"}}
[debug] [2022-07-25T00:53:58.909Z] Jul. 24, 2022 8:53:58 P.M. io.gapi.emulators.netty.HttpVersionRoutingHandler channelRead
INFO: Detected non-HTTP/2 connection.
 {"metadata":{"emulator":{"name":"firestore"},"message":"Jul. 24, 2022 8:53:58 P.M. io.gapi.emulators.netty.HttpVersionRoutingHandler channelRead\nINFO: Detected non-HTTP/2 connection.\n"}}
[debug] [2022-07-25T00:54:00.567Z] Jul. 24, 2022 8:54:00 P.M. io.gapi.emulators.netty.HttpVersionRoutingHandler channelRead
INFO: Detected non-HTTP/2 connection.
 {"metadata":{"emulator":{"name":"firestore"},"message":"Jul. 24, 2022 8:54:00 P.M. io.gapi.emulators.netty.HttpVersionRoutingHandler channelRead\nINFO: Detected non-HTTP/2 connection.\n"}}
[debug] [2022-07-25T00:54:00.638Z] Jul. 24, 2022 8:54:00 P.M. io.gapi.emulators.netty.HttpVersionRoutingHandler channelRead
INFO: Detected non-HTTP/2 connection.
 {"metadata":{"emulator":{"name":"firestore"},"message":"Jul. 24, 2022 8:54:00 P.M. io.gapi.emulators.netty.HttpVersionRoutingHandler channelRead\nINFO: Detected non-HTTP/2 connection.\n"}}
[debug] [2022-07-25T00:54:02.929Z] Jul. 24, 2022 8:54:02 P.M. io.gapi.emulators.netty.HttpVersionRoutingHandler channelRead
INFO: Detected non-HTTP/2 connection.
 {"metadata":{"emulator":{"name":"firestore"},"message":"Jul. 24, 2022 8:54:02 P.M. io.gapi.emulators.netty.HttpVersionRoutingHandler channelRead\nINFO: Detected non-HTTP/2 connection.\n"}}
[debug] [2022-07-25T00:54:04.539Z] Jul. 24, 2022 8:54:04 P.M. io.gapi.emulators.netty.HttpVersionRoutingHandler channelRead
INFO: Detected non-HTTP/2 connection.
 {"metadata":{"emulator":{"name":"firestore"},"message":"Jul. 24, 2022 8:54:04 P.M. io.gapi.emulators.netty.HttpVersionRoutingHandler channelRead\nINFO: Detected non-HTTP/2 connection.\n"}}
[debug] [2022-07-25T00:54:04.605Z] Jul. 24, 2022 8:54:04 P.M. io.gapi.emulators.netty.HttpVersionRoutingHandler channelRead
INFO: Detected non-HTTP/2 connection.
 {"metadata":{"emulator":{"name":"firestore"},"message":"Jul. 24, 2022 8:54:04 P.M. io.gapi.emulators.netty.HttpVersionRoutingHandler channelRead\nINFO: Detected non-HTTP/2 connection.\n"}}
[debug] [2022-07-25T00:54:04.625Z] Jul. 24, 2022 8:54:04 P.M. io.gapi.emulators.netty.HttpVersionRoutingHandler channelRead
INFO: Detected non-HTTP/2 connection.
 {"metadata":{"emulator":{"name":"firestore"},"message":"Jul. 24, 2022 8:54:04 P.M. io.gapi.emulators.netty.HttpVersionRoutingHandler channelRead\nINFO: Detected non-HTTP/2 connection.\n"}}
[debug] [2022-07-25T00:55:04.661Z] Jul. 24, 2022 8:55:04 P.M. io.gapi.emulators.netty.HttpVersionRoutingHandler channelRead
INFO: Detected non-HTTP/2 connection.
 {"metadata":{"emulator":{"name":"firestore"},"message":"Jul. 24, 2022 8:55:04 P.M. io.gapi.emulators.netty.HttpVersionRoutingHandler channelRead\nINFO: Detected non-HTTP/2 connection.\n"}}
[debug] [2022-07-25T00:55:04.686Z] Jul. 24, 2022 8:55:04 P.M. com.google.cloud.datastore.emulator.firestore.webchannel.FirestoreV1WebChannelAdapter$FirestoreListenHandler onClose
INFO: channel closed
 {"metadata":{"emulator":{"name":"firestore"},"message":"Jul. 24, 2022 8:55:04 P.M. com.google.cloud.datastore.emulator.firestore.webchannel.FirestoreV1WebChannelAdapter$FirestoreListenHandler onClose\nINFO: channel closed\n"}}
[debug] [2022-07-25T00:58:58.591Z] Jul. 24, 2022 8:58:58 P.M. io.gapi.emulators.netty.HttpVersionRoutingHandler channelRead
INFO: Detected non-HTTP/2 connection.
 {"metadata":{"emulator":{"name":"firestore"},"message":"Jul. 24, 2022 8:58:58 P.M. io.gapi.emulators.netty.HttpVersionRoutingHandler channelRead\nINFO: Detected non-HTTP/2 connection.\n"}}
[debug] [2022-07-25T00:58:58.669Z] Jul. 24, 2022 8:58:58 P.M. io.gapi.emulators.netty.HttpVersionRoutingHandler channelRead
INFO: Detected non-HTTP/2 connection.
 {"metadata":{"emulator":{"name":"firestore"},"message":"Jul. 24, 2022 8:58:58 P.M. io.gapi.emulators.netty.HttpVersionRoutingHandler channelRead\nINFO: Detected non-HTTP/2 connection.\n"}}
[debug] [2022-07-25T00:58:58.688Z] Jul. 24, 2022 8:58:58 P.M. io.gapi.emulators.netty.HttpVersionRoutingHandler channelRead
INFO: Detected non-HTTP/2 connection.
 {"metadata":{"emulator":{"name":"firestore"},"message":"Jul. 24, 2022 8:58:58 P.M. io.gapi.emulators.netty.HttpVersionRoutingHandler channelRead\nINFO: Detected non-HTTP/2 connection.\n"}}
[debug] [2022-07-25T00:59:00.317Z] Jul. 24, 2022 8:59:00 P.M. io.gapi.emulators.netty.HttpVersionRoutingHandler channelRead
INFO: Detected non-HTTP/2 connection.
 {"metadata":{"emulator":{"name":"firestore"},"message":"Jul. 24, 2022 8:59:00 P.M. io.gapi.emulators.netty.HttpVersionRoutingHandler channelRead\nINFO: Detected non-HTTP/2 connection.\n"}}
[debug] [2022-07-25T00:59:00.360Z] Jul. 24, 2022 8:59:00 P.M. com.google.cloud.datastore.emulator.firestore.webchannel.FirestoreV1WebChannelAdapter$FirestoreListenHandler onClose
INFO: channel closed
 {"metadata":{"emulator":{"name":"firestore"},"message":"Jul. 24, 2022 8:59:00 P.M. com.google.cloud.datastore.emulator.firestore.webchannel.FirestoreV1WebChannelAdapter$FirestoreListenHandler onClose\nINFO: channel closed\n"}}
[debug] [2022-07-25T00:59:47.516Z] >>> [apiv2][query] POST http://localhost:5001/functions/projects/tinyurl-af60e/trigger_multicast [none]
[debug] [2022-07-25T00:59:47.517Z] >>> [apiv2][body] POST http://localhost:5001/functions/projects/tinyurl-af60e/trigger_multicast {"eventId":"bdda3d13-466b-4d62-84fe-a3473d1868b6","eventType":"providers/firebase.auth/eventTypes/user.create","resource":{"name":"projects/tinyurl-af60e","service":"firebaseauth.googleapis.com"},"params":{},"timestamp":"2022-07-25T00:59:47.516Z","data":{"uid":"ZYPWNbURCB0cqbiXaVXP0pdO44S9","email":"123@123.com","emailVerified":false,"metadata":{"creationTime":"2022-07-25T00:59:47.514Z","lastSignInTime":"2022-07-25T00:59:47.514Z"},"customClaims":{},"providerData":[{"providerId":"password","email":"123@123.com","federatedId":"123@123.com","rawId":"123@123.com"}]}}
[debug] [2022-07-25T00:59:47.524Z] <<< [apiv2][status] POST http://localhost:5001/functions/projects/tinyurl-af60e/trigger_multicast 200
[debug] [2022-07-25T00:59:47.524Z] <<< [apiv2][body] POST http://localhost:5001/functions/projects/tinyurl-af60e/trigger_multicast {"status":"multicast_acknowledged"}
[debug] [2022-07-25T00:59:49.335Z] Jul. 24, 2022 8:59:49 P.M. io.gapi.emulators.netty.HttpVersionRoutingHandler channelRead
INFO: Detected non-HTTP/2 connection.
 {"metadata":{"emulator":{"name":"firestore"},"message":"Jul. 24, 2022 8:59:49 P.M. io.gapi.emulators.netty.HttpVersionRoutingHandler channelRead\nINFO: Detected non-HTTP/2 connection.\n"}}
[debug] [2022-07-25T00:59:49.418Z] Jul. 24, 2022 8:59:49 P.M. io.gapi.emulators.netty.HttpVersionRoutingHandler channelRead
INFO: Detected non-HTTP/2 connection.
 {"metadata":{"emulator":{"name":"firestore"},"message":"Jul. 24, 2022 8:59:49 P.M. io.gapi.emulators.netty.HttpVersionRoutingHandler channelRead\nINFO: Detected non-HTTP/2 connection.\n"}}
[debug] [2022-07-25T00:59:49.441Z] Jul. 24, 2022 8:59:49 P.M. io.gapi.emulators.netty.HttpVersionRoutingHandler channelRead
INFO: Detected non-HTTP/2 connection.
 {"metadata":{"emulator":{"name":"firestore"},"message":"Jul. 24, 2022 8:59:49 P.M. io.gapi.emulators.netty.HttpVersionRoutingHandler channelRead\nINFO: Detected non-HTTP/2 connection.\n"}}
[debug] [2022-07-25T00:59:55.001Z] Jul. 24, 2022 8:59:54 P.M. io.gapi.emulators.netty.HttpVersionRoutingHandler channelRead
INFO: Detected non-HTTP/2 connection.
 {"metadata":{"emulator":{"name":"firestore"},"message":"Jul. 24, 2022 8:59:54 P.M. io.gapi.emulators.netty.HttpVersionRoutingHandler channelRead\nINFO: Detected non-HTTP/2 connection.\n"}}
[debug] [2022-07-25T00:59:55.085Z] Jul. 24, 2022 8:59:55 P.M. io.gapi.emulators.netty.HttpVersionRoutingHandler channelRead
INFO: Detected non-HTTP/2 connection.
 {"metadata":{"emulator":{"name":"firestore"},"message":"Jul. 24, 2022 8:59:55 P.M. io.gapi.emulators.netty.HttpVersionRoutingHandler channelRead\nINFO: Detected non-HTTP/2 connection.\n"}}
[debug] [2022-07-25T00:59:55.104Z] Jul. 24, 2022 8:59:55 P.M. io.gapi.emulators.netty.HttpVersionRoutingHandler channelRead
INFO: Detected non-HTTP/2 connection.
 {"metadata":{"emulator":{"name":"firestore"},"message":"Jul. 24, 2022 8:59:55 P.M. io.gapi.emulators.netty.HttpVersionRoutingHandler channelRead\nINFO: Detected non-HTTP/2 connection.\n"}}
[debug] [2022-07-25T00:59:55.291Z] Jul. 24, 2022 8:59:55 P.M. io.gapi.emulators.netty.HttpVersionRoutingHandler channelRead
INFO: Detected non-HTTP/2 connection.
 {"metadata":{"emulator":{"name":"firestore"},"message":"Jul. 24, 2022 8:59:55 P.M. io.gapi.emulators.netty.HttpVersionRoutingHandler channelRead\nINFO: Detected non-HTTP/2 connection.\n"}}
[debug] [2022-07-25T00:59:55.325Z] Jul. 24, 2022 8:59:55 P.M. io.gapi.emulators.netty.HttpVersionRoutingHandler channelRead
INFO: Detected non-HTTP/2 connection.
 {"metadata":{"emulator":{"name":"firestore"},"message":"Jul. 24, 2022 8:59:55 P.M. io.gapi.emulators.netty.HttpVersionRoutingHandler channelRead\nINFO: Detected non-HTTP/2 connection.\n"}}
[debug] [2022-07-25T00:59:56.782Z] Jul. 24, 2022 8:59:56 P.M. io.gapi.emulators.netty.HttpVersionRoutingHandler channelRead
INFO: Detected non-HTTP/2 connection.
 {"metadata":{"emulator":{"name":"firestore"},"message":"Jul. 24, 2022 8:59:56 P.M. io.gapi.emulators.netty.HttpVersionRoutingHandler channelRead\nINFO: Detected non-HTTP/2 connection.\n"}}
[debug] [2022-07-25T00:59:56.783Z] Jul. 24, 2022 8:59:56 P.M. io.gapi.emulators.netty.HttpVersionRoutingHandler channelRead
INFO: Detected non-HTTP/2 connection.
 {"metadata":{"emulator":{"name":"firestore"},"message":"Jul. 24, 2022 8:59:56 P.M. io.gapi.emulators.netty.HttpVersionRoutingHandler channelRead\nINFO: Detected non-HTTP/2 connection.\n"}}
[debug] [2022-07-25T00:59:56.810Z] Jul. 24, 2022 8:59:56 P.M. com.google.cloud.datastore.emulator.firestore.webchannel.FirestoreV1WebChannelAdapter$FirestoreListenHandler onClose
INFO: channel closed
 {"metadata":{"emulator":{"name":"firestore"},"message":"Jul. 24, 2022 8:59:56 P.M. com.google.cloud.datastore.emulator.firestore.webchannel.FirestoreV1WebChannelAdapter$FirestoreListenHandler onClose\nINFO: channel closed\n"}}
[debug] [2022-07-25T00:59:56.817Z] Jul. 24, 2022 8:59:56 P.M. com.google.cloud.datastore.emulator.firestore.webchannel.FirestoreV1WebChannelAdapter$FirestoreWriteHandler onClose
INFO: channel closed
 {"metadata":{"emulator":{"name":"firestore"},"message":"Jul. 24, 2022 8:59:56 P.M. com.google.cloud.datastore.emulator.firestore.webchannel.FirestoreV1WebChannelAdapter$FirestoreWriteHandler onClose\nINFO: channel closed\n"}}
[debug] [2022-07-25T01:00:04.462Z] Jul. 24, 2022 9:00:04 P.M. io.gapi.emulators.netty.HttpVersionRoutingHandler channelRead
INFO: Detected non-HTTP/2 connection.
 {"metadata":{"emulator":{"name":"firestore"},"message":"Jul. 24, 2022 9:00:04 P.M. io.gapi.emulators.netty.HttpVersionRoutingHandler channelRead\nINFO: Detected non-HTTP/2 connection.\n"}}
[debug] [2022-07-25T01:00:04.526Z] Jul. 24, 2022 9:00:04 P.M. io.gapi.emulators.netty.HttpVersionRoutingHandler channelRead
INFO: Detected non-HTTP/2 connection.
 {"metadata":{"emulator":{"name":"firestore"},"message":"Jul. 24, 2022 9:00:04 P.M. io.gapi.emulators.netty.HttpVersionRoutingHandler channelRead\nINFO: Detected non-HTTP/2 connection.\n"}}
[debug] [2022-07-25T01:00:04.542Z] Jul. 24, 2022 9:00:04 P.M. io.gapi.emulators.netty.HttpVersionRoutingHandler channelRead
INFO: Detected non-HTTP/2 connection.
 {"metadata":{"emulator":{"name":"firestore"},"message":"Jul. 24, 2022 9:00:04 P.M. io.gapi.emulators.netty.HttpVersionRoutingHandler channelRead\nINFO: Detected non-HTTP/2 connection.\n"}}
[debug] [2022-07-25T01:00:07.666Z] Jul. 24, 2022 9:00:07 P.M. io.gapi.emulators.netty.HttpVersionRoutingHandler channelRead
INFO: Detected non-HTTP/2 connection.
 {"metadata":{"emulator":{"name":"firestore"},"message":"Jul. 24, 2022 9:00:07 P.M. io.gapi.emulators.netty.HttpVersionRoutingHandler channelRead\nINFO: Detected non-HTTP/2 connection.\n"}}
[debug] [2022-07-25T01:00:07.729Z] Jul. 24, 2022 9:00:07 P.M. com.google.cloud.datastore.emulator.firestore.webchannel.FirestoreV1WebChannelAdapter$FirestoreListenHandler onClose
INFO: channel closed
 {"metadata":{"emulator":{"name":"firestore"},"message":"Jul. 24, 2022 9:00:07 P.M. com.google.cloud.datastore.emulator.firestore.webchannel.FirestoreV1WebChannelAdapter$FirestoreListenHandler onClose\nINFO: channel closed\n"}}
[debug] [2022-07-25T01:00:16.615Z] >>> [apiv2][query] POST http://localhost:5001/functions/projects/tinyurl-af60e/trigger_multicast [none]
[debug] [2022-07-25T01:00:16.615Z] >>> [apiv2][body] POST http://localhost:5001/functions/projects/tinyurl-af60e/trigger_multicast {"eventId":"e2de063e-1518-42fe-8339-ab9f541ee085","eventType":"providers/firebase.auth/eventTypes/user.create","resource":{"name":"projects/tinyurl-af60e","service":"firebaseauth.googleapis.com"},"params":{},"timestamp":"2022-07-25T01:00:16.614Z","data":{"uid":"qt9f6kYcUAIXtJmzU0EtMN5Pkcxa","email":"alice@gmail.com","emailVerified":false,"metadata":{"creationTime":"2022-07-25T01:00:16.614Z","lastSignInTime":"2022-07-25T01:00:16.614Z"},"customClaims":{},"providerData":[{"providerId":"password","email":"alice@gmail.com","federatedId":"alice@gmail.com","rawId":"alice@gmail.com"}]}}
[debug] [2022-07-25T01:00:16.619Z] <<< [apiv2][status] POST http://localhost:5001/functions/projects/tinyurl-af60e/trigger_multicast 200
[debug] [2022-07-25T01:00:16.619Z] <<< [apiv2][body] POST http://localhost:5001/functions/projects/tinyurl-af60e/trigger_multicast {"status":"multicast_acknowledged"}
[debug] [2022-07-25T01:00:18.390Z] Jul. 24, 2022 9:00:18 P.M. io.gapi.emulators.netty.HttpVersionRoutingHandler channelRead
INFO: Detected non-HTTP/2 connection.
 {"metadata":{"emulator":{"name":"firestore"},"message":"Jul. 24, 2022 9:00:18 P.M. io.gapi.emulators.netty.HttpVersionRoutingHandler channelRead\nINFO: Detected non-HTTP/2 connection.\n"}}
[debug] [2022-07-25T01:00:18.471Z] Jul. 24, 2022 9:00:18 P.M. io.gapi.emulators.netty.HttpVersionRoutingHandler channelRead
INFO: Detected non-HTTP/2 connection.
 {"metadata":{"emulator":{"name":"firestore"},"message":"Jul. 24, 2022 9:00:18 P.M. io.gapi.emulators.netty.HttpVersionRoutingHandler channelRead\nINFO: Detected non-HTTP/2 connection.\n"}}
[debug] [2022-07-25T01:00:18.493Z] Jul. 24, 2022 9:00:18 P.M. io.gapi.emulators.netty.HttpVersionRoutingHandler channelRead
INFO: Detected non-HTTP/2 connection.
 {"metadata":{"emulator":{"name":"firestore"},"message":"Jul. 24, 2022 9:00:18 P.M. io.gapi.emulators.netty.HttpVersionRoutingHandler channelRead\nINFO: Detected non-HTTP/2 connection.\n"}}
[debug] [2022-07-25T01:01:18.533Z] Jul. 24, 2022 9:01:18 P.M. io.gapi.emulators.netty.HttpVersionRoutingHandler channelRead
INFO: Detected non-HTTP/2 connection.
 {"metadata":{"emulator":{"name":"firestore"},"message":"Jul. 24, 2022 9:01:18 P.M. io.gapi.emulators.netty.HttpVersionRoutingHandler channelRead\nINFO: Detected non-HTTP/2 connection.\n"}}
[debug] [2022-07-25T01:01:18.554Z] Jul. 24, 2022 9:01:18 P.M. io.gapi.emulators.netty.HttpVersionRoutingHandler channelRead
INFO: Detected non-HTTP/2 connection.
 {"metadata":{"emulator":{"name":"firestore"},"message":"Jul. 24, 2022 9:01:18 P.M. io.gapi.emulators.netty.HttpVersionRoutingHandler channelRead\nINFO: Detected non-HTTP/2 connection.\n"}}
[debug] [2022-07-25T01:01:18.576Z] Jul. 24, 2022 9:01:18 P.M. com.google.cloud.datastore.emulator.firestore.webchannel.FirestoreV1WebChannelAdapter$FirestoreListenHandler onClose
INFO: channel closed
 {"metadata":{"emulator":{"name":"firestore"},"message":"Jul. 24, 2022 9:01:18 P.M. com.google.cloud.datastore.emulator.firestore.webchannel.FirestoreV1WebChannelAdapter$FirestoreListenHandler onClose\nINFO: channel closed\n"}}
